Step: build-step-credential-initializer:

{"level":"warn","ts":1552151788.1371608,"logger":"fallback-logger","caller":"logging/config.go:65","msg":"Fetch GitHub commit ID from kodata failed: \"ref: refs/heads/test\" is not a valid GitHub commit ID"}
{"level":"info","ts":1552151788.13866,"logger":"fallback-logger","caller":"creds-init/main.go:40","msg":"Credentials initialized."}
Step: build-step-git-source-0:

{"level":"warn","ts":1552151790.0769322,"logger":"fallback-logger","caller":"logging/config.go:65","msg":"Fetch GitHub commit ID from kodata failed: \"ref: refs/heads/test\" is not a valid GitHub commit ID"}
{"level":"info","ts":1552151791.1280951,"logger":"fallback-logger","caller":"git-init/main.go:92","msg":"Successfully cloned \"https://github.com/webtc/jx-tut-qs-go.git\" @ \"master\" in path \"/workspace\""}
Step: build-step-jenkins:

Picked up _JAVA_OPTIONS: -Xmx400m
Started
Running in Durability level: PERFORMANCE_OPTIMIZED
  18.504 [id=29]	WARNING	i.f.k.c.i.VersionUsageUtils#alert: The client is using resource type 'customresourcedefinitions' with unstable version 'v1beta1'
[Pipeline] Start of Pipeline
[Pipeline] node
Running on Jenkins in /tmp/jenkinsTests.tmp/jenkins3415602138015902278test/workspace/job
[Pipeline] {
[Pipeline] stage
[Pipeline] { (Declarative: Checkout SCM)
[Pipeline] checkout
[Pipeline] }
[Pipeline] // stage
[Pipeline] withCredentials
[Pipeline] {
[Pipeline] withEnv
[Pipeline] {
[Pipeline] stage
[Pipeline] { (CI Build and push snapshot)
Stage "CI Build and push snapshot" skipped due to when conditional
[Pipeline] }
[Pipeline] // stage
[Pipeline] stage
[Pipeline] { (Build Release)
[Pipeline] dir
Running in /home/jenkins/go/src/github.com/webtc/jx-tut-qs-go
[Pipeline] {
[Pipeline] git
Cloning the remote Git repository
Cloning repository https://github.com/webtc/jx-tut-qs-go.git
 > git init /home/jenkins/go/src/github.com/webtc/jx-tut-qs-go # timeout=10
Fetching upstream changes from https://github.com/webtc/jx-tut-qs-go.git
 > git --version # timeout=10
 > git fetch --tags --progress https://github.com/webtc/jx-tut-qs-go.git +refs/heads/*:refs/remotes/origin/*
 > git config remote.origin.url https://github.com/webtc/jx-tut-qs-go.git # timeout=10
 > git config --add remote.origin.fetch +refs/heads/*:refs/remotes/origin/* # timeout=10
 > git config remote.origin.url https://github.com/webtc/jx-tut-qs-go.git # timeout=10
Fetching upstream changes from https://github.com/webtc/jx-tut-qs-go.git
 > git fetch --tags --progress https://github.com/webtc/jx-tut-qs-go.git +refs/heads/*:refs/remotes/origin/*
 > git rev-parse refs/remotes/origin/master^{commit} # timeout=10
 > git rev-parse refs/remotes/origin/origin/master^{commit} # timeout=10
Checking out Revision 83cb6287938f78d99f419e6abffa288fa8c2eed9 (refs/remotes/origin/master)
 > git config core.sparsecheckout # timeout=10
 > git checkout -f 83cb6287938f78d99f419e6abffa288fa8c2eed9
 > git branch -a -v --no-abbrev # timeout=10
 > git checkout -b master 83cb6287938f78d99f419e6abffa288fa8c2eed9
Commit message: "Draft create"
First time build. Skipping changelog.
[Pipeline] sh
+ jx-release-version
+ echo 0.0.1
[Pipeline] sh
+ cat VERSION
+ jx step tag --version 0.0.1
Tag v0.0.1 created and pushed to remote origin
[Pipeline] sh
+ make build
CGO_ENABLED=0 GO15VENDOREXPERIMENT=1 go build -ldflags '' -o bin/jx-tut-qs-go main.go
[Pipeline] sh
+ cat VERSION
+ export VERSION=0.0.1
+ skaffold build -f skaffold.yaml
time="2019-03-09T17:17:17Z" level=warning msg="config version (skaffold/v1beta2) out of date: upgrading to latest (skaffold/v1beta6)"
Generating Tag for [changeme]...
Starting build...
Building [changeme]...
Sending build context to Docker daemon  525.8kBSending build context to Docker daemon  6.502MB
Step 1/4 : FROM scratch
 ---> 
Step 2/4 : EXPOSE 8080
 ---> Running in 216867741a0b
 ---> 0b2f1e5279c5
Step 3/4 : ENTRYPOINT /jx-tut-qs-go
 ---> Running in b319c4f63f64
 ---> fe490e42be30
Step 4/4 : COPY ./bin/ /
 ---> f3317ff03fca
Successfully built f3317ff03fca
The push refers to a repository [10.3.251.2:5000/webtc/jx-tut-qs-go]
6f57c2c89adb: Preparing
6f57c2c89adb: Pushed
0.0.1: digest: sha256:5cf1d7d1bb899868bf5ed740fe631bd2956f6058053d6a6f4babb973186d0cbf size: 528
Build complete in 1.796072692s
Starting test...
Test complete in 7.226µs
changeme -> 10.3.251.2:5000/webtc/jx-tut-qs-go:0.0.1@sha256:5cf1d7d1bb899868bf5ed740fe631bd2956f6058053d6a6f4babb973186d0cbf
[Pipeline] sh
+ cat VERSION
+ jx step post build --image 10.3.251.2:5000/webtc/jx-tut-qs-go:0.0.1
[Pipeline] }
[Pipeline] // dir
[Pipeline] }
[Pipeline] // stage
[Pipeline] stage
[Pipeline] { (Promote to Environments)
[Pipeline] dir
Running in /home/jenkins/go/src/github.com/webtc/jx-tut-qs-go/charts/jx-tut-qs-go
[Pipeline] {
[Pipeline] sh
+ cat ../../VERSION
+ jx step changelog --version v0.0.1
Using batch mode as inside a pipeline
Generating change log from git ref 83cb6287938f78d99f419e6abffa288fa8c2eed9 => a6621dce9e4f952dc17c12d02cf00b8efe26f277
Failed to enrich commits with issues: User.jenkins.io "" is invalid: metadata.name: Required value: name or generateName is required
Failed to enrich commits with issues: User.jenkins.io "" is invalid: metadata.name: Required value: name or generateName is required
Finding issues in commit messages using git format
No release found for webtc/jx-tut-qs-go and tag v0.0.1 so creating a new release
Updated the release information at https://github.com/webtc/jx-tut-qs-go/releases/tag/v0.0.1
generated: /home/jenkins/go/src/github.com/webtc/jx-tut-qs-go/charts/jx-tut-qs-go/templates/release.yaml
Created Release jx-tut-qs-go-0-0-1 resource in namespace jx
Updating PipelineActivity webtc-jx-tut-qs-go-master-1 with version 0.0.1
Updated PipelineActivities webtc-jx-tut-qs-go-master-1 with release notes URL: https://github.com/webtc/jx-tut-qs-go/releases/tag/v0.0.1
[Pipeline] sh
+ jx step helm release
No $CHART_REPOSITORY defined so using the default value of: http://jenkins-x-chartmuseum:8080
Adding missing Helm repo: jenkins-x http://chartmuseum.jenkins-x.io
Successfully added Helm repository jenkins-x.
Adding missing Helm repo: releases http://jenkins-x-chartmuseum:8080
Successfully added Helm repository releases.
No $CHART_REPOSITORY defined so using the default value of: http://jenkins-x-chartmuseum:8080
Uploading chart file jx-tut-qs-go-0.0.1.tgz to http://jenkins-x-chartmuseum:8080/api/charts
Received 201 response: {"saved":true}
[Pipeline] sh
+ cat ../../VERSION
+ jx promote -b --all-auto --timeout 1h --version 0.0.1
prow based install so skip waiting for the merge of Pull Requests to go green as currently there is an issue with gettingstatuses from the PR, see https://github.com/jenkins-x/jx/issues/2410
Promoting app jx-tut-qs-go version 0.0.1 to namespace jx-staging
Created Pull Request: https://github.com/webtc/environment-gullwood-staging/pull/1

Pull Request https://github.com/webtc/environment-gullwood-staging/pull/1 is merged at sha 1f29d1208d0ab15c91df339a2acafaca6248e163
Pull Request merged but we are not waiting for the update pipeline to complete!
Could not find the service URL in namespace jx-staging for names jx-tut-qs-go, jx-jx-tut-qs-go, jx-staging-jx-tut-qs-go
[Pipeline] }
[Pipeline] // dir
[Pipeline] }
[Pipeline] // stage
[Pipeline] }
[Pipeline] // withEnv
[Pipeline] }
[Pipeline] // withCredentials
[Pipeline] }
[Pipeline] // node
[Pipeline] End of Pipeline
Finished: SUCCESS
